{
  "stats": {
    "suites": 1,
    "tests": 1,
    "passes": 0,
    "pending": 0,
    "failures": 1,
    "start": "2021-11-18T21:20:36.963Z",
    "end": "2021-11-18T21:21:01.226Z",
    "duration": 24263,
    "testsRegistered": 1,
    "passPercent": 0,
    "pendingPercent": 0,
    "other": 0,
    "hasOther": false,
    "skipped": 0,
    "hasSkipped": false
  },
  "results": [
    {
      "uuid": "7578ba08-bf16-42af-a802-4dae79b27c42",
      "title": "",
      "fullFile": "cypress/integration/historias/srnFeature.feature",
      "file": "cypress/integration/historias/srnFeature.feature",
      "beforeHooks": [],
      "afterHooks": [],
      "tests": [],
      "suites": [
        {
          "uuid": "112fd508-28c5-49e6-89b9-291d35530bf2",
          "title": "compra de varios certificados pagando con PSE y compra de un certificado con Card, Cash y Transfer",
          "fullFile": "",
          "file": "",
          "beforeHooks": [],
          "afterHooks": [],
          "tests": [
            {
              "title": "compra de varios certificados con PSE",
              "fullTitle": "compra de varios certificados pagando con PSE y compra de un certificado con Card, Cash y Transfer compra de varios certificados con PSE",
              "timedOut": null,
              "duration": 22022,
              "state": "failed",
              "speed": null,
              "pass": false,
              "fail": true,
              "pending": false,
              "context": null,
              "code": "const state = window.testState;\nreturn cy\n  .then(() => state.onStartScenario(scenario, indexedSteps))\n  .then(() =>\n    resolveAndRunBeforeHooks.call(this, scenario.tags, state.feature.name)\n  )\n  .then(() =>\n    indexedSteps.forEach((step) =>\n      stepTest.call(this, state, step, rowData)\n    )\n  )\n  .then(() => state.onFinishScenario(scenario));",
              "err": {
                "message": "AssertionError: Timed out retrying after 4000ms: Expected to find element: `.MuiButton-text`, but never found it.",
                "estack": "AssertionError: Timed out retrying after 4000ms: Expected to find element: `.MuiButton-text`, but never found it.\n    at Context.eval (https://uat.v2.certificadotradicionylibertad.com/__cypress/tests?p=cypress/integration/historias/srnFeature.feature:49:6)\n    at Context.resolveAndRunStepDefinition (https://uat.v2.certificadotradicionylibertad.com/__cypress/tests?p=cypress/integration/historias/srnFeature.feature:12372:29)\n    at Context.eval (https://uat.v2.certificadotradicionylibertad.com/__cypress/tests?p=cypress/integration/historias/srnFeature.feature:11693:35)",
                "diff": null
              },
              "uuid": "91755071-77d7-47bd-9368-4723c9e07c2f",
              "parentUUID": "112fd508-28c5-49e6-89b9-291d35530bf2",
              "isHook": false,
              "skipped": false
            }
          ],
          "suites": [],
          "passes": [],
          "failures": [
            "91755071-77d7-47bd-9368-4723c9e07c2f"
          ],
          "pending": [],
          "skipped": [],
          "duration": 22022,
          "root": false,
          "rootEmpty": false,
          "_timeout": 2000
        }
      ],
      "passes": [],
      "failures": [],
      "pending": [],
      "skipped": [],
      "duration": 0,
      "root": true,
      "rootEmpty": true,
      "_timeout": 2000
    }
  ],
  "meta": {
    "mocha": {
      "version": "7.0.1"
    },
    "mochawesome": {
      "options": {
        "quiet": false,
        "reportFilename": "mochawesome",
        "saveHtml": true,
        "saveJson": true,
        "consoleReporter": "spec",
        "useInlineDiffs": false,
        "code": true
      },
      "version": "7.0.1"
    },
    "marge": {
      "options": null,
      "version": "6.0.1"
    }
  }
}